[0m[[0m[0minfo[0m] [0m[0m[32mSWPInterpreterTests:[0m[0m
[0m[[0m[0minfo[0m] [0m[0m[31m- Parser minimal example *** FAILED ***[0m[0m
[0m[[0m[0minfo[0m] [0m[0m[31m  scala.NotImplementedError: an implementation is missing[0m[0m
[0m[[0m[0minfo[0m] [0m[0m[31m  at scala.Predef$.$qmark$qmark$qmark(Predef.scala:284)[0m[0m
[0m[[0m[0minfo[0m] [0m[0m[31m  at ExpParser.program(Parser.scala:6)[0m[0m
[0m[[0m[0minfo[0m] [0m[0m[31m  at ParseProgram$.parse(Parser.scala:11)[0m[0m
[0m[[0m[0minfo[0m] [0m[0m[31m  at SWPInterpreter$.checkProgramGrammar(SWPInterpreter.scala:36)[0m[0m
[0m[[0m[0minfo[0m] [0m[0m[31m  at SWPInterpreterTests.expectValidGrammar(SWPInterpreterTests.scala:10)[0m[0m
[0m[[0m[0minfo[0m] [0m[0m[31m  at SWPInterpreterTests.$anonfun$new$1(SWPInterpreterTests.scala:32)[0m[0m
[0m[[0m[0minfo[0m] [0m[0m[31m  at scala.runtime.java8.JFunction0$mcV$sp.apply(JFunction0$mcV$sp.java:12)[0m[0m
[0m[[0m[0minfo[0m] [0m[0m[31m  at org.scalatest.OutcomeOf.outcomeOf(OutcomeOf.scala:85)[0m[0m
[0m[[0m[0minfo[0m] [0m[0m[31m  at org.scalatest.OutcomeOf.outcomeOf$(OutcomeOf.scala:83)[0m[0m
[0m[[0m[0minfo[0m] [0m[0m[31m  at org.scalatest.OutcomeOf$.outcomeOf(OutcomeOf.scala:104)[0m[0m
[0m[[0m[0minfo[0m] [0m[0m[31m  ...[0m[0m
[0m[[0m[0minfo[0m] [0m[0m[31m- Parser short program *** FAILED ***[0m[0m
[0m[[0m[0minfo[0m] [0m[0m[31m  scala.NotImplementedError: an implementation is missing[0m[0m
[0m[[0m[0minfo[0m] [0m[0m[31m  at scala.Predef$.$qmark$qmark$qmark(Predef.scala:284)[0m[0m
[0m[[0m[0minfo[0m] [0m[0m[31m  at ExpParser.program(Parser.scala:6)[0m[0m
[0m[[0m[0minfo[0m] [0m[0m[31m  at ParseProgram$.parse(Parser.scala:11)[0m[0m
[0m[[0m[0minfo[0m] [0m[0m[31m  at SWPInterpreter$.checkProgramGrammar(SWPInterpreter.scala:36)[0m[0m
[0m[[0m[0minfo[0m] [0m[0m[31m  at SWPInterpreterTests.expectValidGrammar(SWPInterpreterTests.scala:10)[0m[0m
[0m[[0m[0minfo[0m] [0m[0m[31m  at SWPInterpreterTests.$anonfun$new$2(SWPInterpreterTests.scala:38)[0m[0m
[0m[[0m[0minfo[0m] [0m[0m[31m  at scala.runtime.java8.JFunction0$mcV$sp.apply(JFunction0$mcV$sp.java:12)[0m[0m
[0m[[0m[0minfo[0m] [0m[0m[31m  at org.scalatest.OutcomeOf.outcomeOf(OutcomeOf.scala:85)[0m[0m
[0m[[0m[0minfo[0m] [0m[0m[31m  at org.scalatest.OutcomeOf.outcomeOf$(OutcomeOf.scala:83)[0m[0m
[0m[[0m[0minfo[0m] [0m[0m[31m  at org.scalatest.OutcomeOf$.outcomeOf(OutcomeOf.scala:104)[0m[0m
[0m[[0m[0minfo[0m] [0m[0m[31m  ...[0m[0m
[0m[[0m[0minfo[0m] [0m[0m[31m- Parser defect program *** FAILED ***[0m[0m
[0m[[0m[0minfo[0m] [0m[0m[31m  scala.NotImplementedError: an implementation is missing[0m[0m
[0m[[0m[0minfo[0m] [0m[0m[31m  at scala.Predef$.$qmark$qmark$qmark(Predef.scala:284)[0m[0m
[0m[[0m[0minfo[0m] [0m[0m[31m  at ExpParser.program(Parser.scala:6)[0m[0m
[0m[[0m[0minfo[0m] [0m[0m[31m  at ParseProgram$.parse(Parser.scala:11)[0m[0m
[0m[[0m[0minfo[0m] [0m[0m[31m  at SWPInterpreter$.checkProgramGrammar(SWPInterpreter.scala:36)[0m[0m
[0m[[0m[0minfo[0m] [0m[0m[31m  at SWPInterpreterTests.expectInvalidGrammar(SWPInterpreterTests.scala:16)[0m[0m
[0m[[0m[0minfo[0m] [0m[0m[31m  at SWPInterpreterTests.$anonfun$new$3(SWPInterpreterTests.scala:52)[0m[0m
[0m[[0m[0minfo[0m] [0m[0m[31m  at org.scalatest.OutcomeOf.outcomeOf(OutcomeOf.scala:85)[0m[0m
[0m[[0m[0minfo[0m] [0m[0m[31m  at org.scalatest.OutcomeOf.outcomeOf$(OutcomeOf.scala:83)[0m[0m
[0m[[0m[0minfo[0m] [0m[0m[31m  at org.scalatest.OutcomeOf$.outcomeOf(OutcomeOf.scala:104)[0m[0m
[0m[[0m[0minfo[0m] [0m[0m[31m  at org.scalatest.Transformer.apply(Transformer.scala:22)[0m[0m
[0m[[0m[0minfo[0m] [0m[0m[31m  ...[0m[0m
[0m[[0m[0minfo[0m] [0m[0m[31m- Interpreter program with only built in functions *** FAILED ***[0m[0m
[0m[[0m[0minfo[0m] [0m[0m[31m  scala.NotImplementedError: an implementation is missing[0m[0m
[0m[[0m[0minfo[0m] [0m[0m[31m  at scala.Predef$.$qmark$qmark$qmark(Predef.scala:284)[0m[0m
[0m[[0m[0minfo[0m] [0m[0m[31m  at ExpParser.program(Parser.scala:6)[0m[0m
[0m[[0m[0minfo[0m] [0m[0m[31m  at ParseProgram$.parse(Parser.scala:11)[0m[0m
[0m[[0m[0minfo[0m] [0m[0m[31m  at SWPInterpreter$.evaluateProgram(SWPInterpreter.scala:26)[0m[0m
[0m[[0m[0minfo[0m] [0m[0m[31m  at SWPInterpreterTests.expectResult(SWPInterpreterTests.scala:21)[0m[0m
[0m[[0m[0minfo[0m] [0m[0m[31m  at SWPInterpreterTests.$anonfun$new$4(SWPInterpreterTests.scala:63)[0m[0m
[0m[[0m[0minfo[0m] [0m[0m[31m  at org.scalatest.OutcomeOf.outcomeOf(OutcomeOf.scala:85)[0m[0m
[0m[[0m[0minfo[0m] [0m[0m[31m  at org.scalatest.OutcomeOf.outcomeOf$(OutcomeOf.scala:83)[0m[0m
[0m[[0m[0minfo[0m] [0m[0m[31m  at org.scalatest.OutcomeOf$.outcomeOf(OutcomeOf.scala:104)[0m[0m
[0m[[0m[0minfo[0m] [0m[0m[31m  at org.scalatest.Transformer.apply(Transformer.scala:22)[0m[0m
[0m[[0m[0minfo[0m] [0m[0m[31m  ...[0m[0m
[0m[[0m[0minfo[0m] [0m[0m[31m- Interpreter program with user defined functions *** FAILED ***[0m[0m
[0m[[0m[0minfo[0m] [0m[0m[31m  scala.NotImplementedError: an implementation is missing[0m[0m
[0m[[0m[0minfo[0m] [0m[0m[31m  at scala.Predef$.$qmark$qmark$qmark(Predef.scala:284)[0m[0m
[0m[[0m[0minfo[0m] [0m[0m[31m  at ExpParser.program(Parser.scala:6)[0m[0m
[0m[[0m[0minfo[0m] [0m[0m[31m  at ParseProgram$.parse(Parser.scala:11)[0m[0m
[0m[[0m[0minfo[0m] [0m[0m[31m  at SWPInterpreter$.evaluateProgram(SWPInterpreter.scala:26)[0m[0m
[0m[[0m[0minfo[0m] [0m[0m[31m  at SWPInterpreterTests.expectResult(SWPInterpreterTests.scala:21)[0m[0m
[0m[[0m[0minfo[0m] [0m[0m[31m  at SWPInterpreterTests.$anonfun$new$5(SWPInterpreterTests.scala:72)[0m[0m
[0m[[0m[0minfo[0m] [0m[0m[31m  at org.scalatest.OutcomeOf.outcomeOf(OutcomeOf.scala:85)[0m[0m
[0m[[0m[0minfo[0m] [0m[0m[31m  at org.scalatest.OutcomeOf.outcomeOf$(OutcomeOf.scala:83)[0m[0m
[0m[[0m[0minfo[0m] [0m[0m[31m  at org.scalatest.OutcomeOf$.outcomeOf(OutcomeOf.scala:104)[0m[0m
[0m[[0m[0minfo[0m] [0m[0m[31m  at org.scalatest.Transformer.apply(Transformer.scala:22)[0m[0m
[0m[[0m[0minfo[0m] [0m[0m[31m  ...[0m[0m
[0m[[0m[0minfo[0m] [0m[0m[31m- Interpreter variables *** FAILED ***[0m[0m
[0m[[0m[0minfo[0m] [0m[0m[31m  scala.NotImplementedError: an implementation is missing[0m[0m
[0m[[0m[0minfo[0m] [0m[0m[31m  at scala.Predef$.$qmark$qmark$qmark(Predef.scala:284)[0m[0m
[0m[[0m[0minfo[0m] [0m[0m[31m  at ExpParser.program(Parser.scala:6)[0m[0m
[0m[[0m[0minfo[0m] [0m[0m[31m  at ParseProgram$.parse(Parser.scala:11)[0m[0m
[0m[[0m[0minfo[0m] [0m[0m[31m  at SWPInterpreter$.evaluateProgram(SWPInterpreter.scala:26)[0m[0m
[0m[[0m[0minfo[0m] [0m[0m[31m  at SWPInterpreterTests.expectResult(SWPInterpreterTests.scala:21)[0m[0m
[0m[[0m[0minfo[0m] [0m[0m[31m  at SWPInterpreterTests.$anonfun$new$6(SWPInterpreterTests.scala:87)[0m[0m
[0m[[0m[0minfo[0m] [0m[0m[31m  at org.scalatest.OutcomeOf.outcomeOf(OutcomeOf.scala:85)[0m[0m
[0m[[0m[0minfo[0m] [0m[0m[31m  at org.scalatest.OutcomeOf.outcomeOf$(OutcomeOf.scala:83)[0m[0m
[0m[[0m[0minfo[0m] [0m[0m[31m  at org.scalatest.OutcomeOf$.outcomeOf(OutcomeOf.scala:104)[0m[0m
[0m[[0m[0minfo[0m] [0m[0m[31m  at org.scalatest.Transformer.apply(Transformer.scala:22)[0m[0m
[0m[[0m[0minfo[0m] [0m[0m[31m  ...[0m[0m
[0m[[0m[0minfo[0m] [0m[0m[31m- Interpreter records *** FAILED ***[0m[0m
[0m[[0m[0minfo[0m] [0m[0m[31m  scala.NotImplementedError: an implementation is missing[0m[0m
[0m[[0m[0minfo[0m] [0m[0m[31m  at scala.Predef$.$qmark$qmark$qmark(Predef.scala:284)[0m[0m
[0m[[0m[0minfo[0m] [0m[0m[31m  at ExpParser.program(Parser.scala:6)[0m[0m
[0m[[0m[0minfo[0m] [0m[0m[31m  at ParseProgram$.parse(Parser.scala:11)[0m[0m
[0m[[0m[0minfo[0m] [0m[0m[31m  at SWPInterpreter$.evaluateProgram(SWPInterpreter.scala:26)[0m[0m
[0m[[0m[0minfo[0m] [0m[0m[31m  at SWPInterpreterTests.expectResult(SWPInterpreterTests.scala:21)[0m[0m
[0m[[0m[0minfo[0m] [0m[0m[31m  at SWPInterpreterTests.$anonfun$new$7(SWPInterpreterTests.scala:95)[0m[0m
[0m[[0m[0minfo[0m] [0m[0m[31m  at org.scalatest.OutcomeOf.outcomeOf(OutcomeOf.scala:85)[0m[0m
[0m[[0m[0minfo[0m] [0m[0m[31m  at org.scalatest.OutcomeOf.outcomeOf$(OutcomeOf.scala:83)[0m[0m
[0m[[0m[0minfo[0m] [0m[0m[31m  at org.scalatest.OutcomeOf$.outcomeOf(OutcomeOf.scala:104)[0m[0m
[0m[[0m[0minfo[0m] [0m[0m[31m  at org.scalatest.Transformer.apply(Transformer.scala:22)[0m[0m
[0m[[0m[0minfo[0m] [0m[0m[31m  ...[0m[0m
